0 info it worked if it ends with ok
1 verbose cli [ '/usr/bin/node',
1 verbose cli   '/usr/bin/npm',
1 verbose cli   'install',
1 verbose cli   'chart.js',
1 verbose cli   '--save' ]
2 info using npm@3.5.2
3 info using node@v8.10.0
4 silly loadCurrentTree Starting
5 silly install loadCurrentTree
6 silly install readLocalPackageData
7 silly fetchPackageMetaData chart.js
8 silly fetchOtherPackageData chart.js
9 silly cache add args [ 'chart.js', null ]
10 verbose cache add spec chart.js
11 silly cache add parsed spec Result {
11 silly cache add   raw: 'chart.js',
11 silly cache add   scope: null,
11 silly cache add   name: null,
11 silly cache add   rawSpec: 'chart.js',
11 silly cache add   spec: '/var/www/kawal.manjainsbu.com/assets/libs/chart/chart.js',
11 silly cache add   type: 'local' }
12 silly addLocalTarball shasum (computed) 65f0ea3f635c37b773a49ef6a29be30176ac9238
13 verbose addTmpTarball /var/www/kawal.manjainsbu.com/assets/libs/chart/chart.js not in flight; adding
14 verbose addTmpTarball validating metadata from /var/www/kawal.manjainsbu.com/assets/libs/chart/chart.js
15 verbose tar unpack /var/www/kawal.manjainsbu.com/assets/libs/chart/chart.js
16 verbose tar unpacking to /tmp/npm-1302-e89c1184/unpack-b6901f47
17 silly gentlyRm /tmp/npm-1302-e89c1184/unpack-b6901f47 is being purged
18 verbose gentlyRm don't care about contents; nuking /tmp/npm-1302-e89c1184/unpack-b6901f47
19 silly gunzTarPerm modes [ '755', '644' ]
20 error not a package /var/www/kawal.manjainsbu.com/assets/libs/chart/chart.js
21 error addLocal Could not install /var/www/kawal.manjainsbu.com/assets/libs/chart/chart.js
22 silly fetchPackageMetaData Error: ENOENT: no such file or directory, open '/tmp/npm-1302-e89c1184/unpack-b6901f47/package.json'
22 silly fetchPackageMetaData  error for chart.js { Error: ENOENT: no such file or directory, open '/tmp/npm-1302-e89c1184/unpack-b6901f47/package.json'
22 silly fetchPackageMetaData   errno: -2,
22 silly fetchPackageMetaData   code: 'ENOENT',
22 silly fetchPackageMetaData   syscall: 'open',
22 silly fetchPackageMetaData   path: '/tmp/npm-1302-e89c1184/unpack-b6901f47/package.json' }
23 silly rollbackFailedOptional Starting
24 silly rollbackFailedOptional Finishing
25 silly runTopLevelLifecycles Starting
26 silly runTopLevelLifecycles Finishing
27 silly install printInstalled
28 verbose stack Error: ENOENT: no such file or directory, open '/tmp/npm-1302-e89c1184/unpack-b6901f47/package.json'
29 verbose cwd /var/www/kawal.manjainsbu.com/assets/libs/chart
30 error Linux 4.15.0-22-generic
31 error argv "/usr/bin/node" "/usr/bin/npm" "install" "chart.js" "--save"
32 error node v8.10.0
33 error npm  v3.5.2
34 error path /tmp/npm-1302-e89c1184/unpack-b6901f47/package.json
35 error code ENOENT
36 error errno -2
37 error syscall open
38 error enoent ENOENT: no such file or directory, open '/tmp/npm-1302-e89c1184/unpack-b6901f47/package.json'
39 error enoent ENOENT: no such file or directory, open '/tmp/npm-1302-e89c1184/unpack-b6901f47/package.json'
39 error enoent This is most likely not a problem with npm itself
39 error enoent and is related to npm not being able to find a file.
40 verbose exit [ -2, true ]
